<?xml version="1.0" encoding="UTF-8"?>
<!-- Generated by org.testng.reporters.JUnitXMLReporter -->
<testsuite hostname="New" ignored="0" name="Test" tests="8" failures="1" timestamp="02 Mar 2022 19:02:00 GMT" time="82.174" errors="0">
  <testcase name="samp" time="10.997" classname="org.testng.sample">
    <skipped/>
  </testcase> <!-- samp -->
  <testcase name="samp" time="9.236" classname="org.testng.sample">
    <skipped/>
  </testcase> <!-- samp -->
  <testcase name="samp" time="9.921" classname="org.testng.sample">
    <skipped/>
  </testcase> <!-- samp -->
  <testcase name="samp" time="10.08" classname="org.testng.sample">
    <skipped/>
  </testcase> <!-- samp -->
  <testcase name="samp" time="11.092" classname="org.testng.sample">
    <skipped/>
  </testcase> <!-- samp -->
  <testcase name="samp" time="10.258" classname="org.testng.sample">
    <skipped/>
  </testcase> <!-- samp -->
  <testcase name="samp" time="10.06" classname="org.testng.sample">
    <skipped/>
  </testcase> <!-- samp -->
  <testcase name="samp" time="10.397" classname="org.testng.sample">
    <failure type="java.lang.AssertionError" message="The following asserts failed:
	expected [balaji] but found [mukesh]">
      <![CDATA[java.lang.AssertionError: The following asserts failed:
expected [balaji] but found [mukesh]
... Removed 27 stack frames]]>
    </failure>
  </testcase> <!-- samp -->
</testsuite> <!-- Test -->
